mode: atomic
evgenykuznetsov.org/go/static-webmentions/internal/hentry/hentry.go:34.53,36.16 2 1
evgenykuznetsov.org/go/static-webmentions/internal/hentry/hentry.go:36.16,38.3 1 0
evgenykuznetsov.org/go/static-webmentions/internal/hentry/hentry.go:40.2,42.62 2 1
evgenykuznetsov.org/go/static-webmentions/internal/hentry/hentry.go:42.62,46.59 2 2
evgenykuznetsov.org/go/static-webmentions/internal/hentry/hentry.go:46.59,48.4 1 2
evgenykuznetsov.org/go/static-webmentions/internal/hentry/hentry.go:51.3,51.56 1 2
evgenykuznetsov.org/go/static-webmentions/internal/hentry/hentry.go:51.56,52.48 1 2
evgenykuznetsov.org/go/static-webmentions/internal/hentry/hentry.go:52.48,54.5 1 2
evgenykuznetsov.org/go/static-webmentions/internal/hentry/hentry.go:57.3,57.35 1 2
evgenykuznetsov.org/go/static-webmentions/internal/hentry/hentry.go:60.2,60.21 1 1
evgenykuznetsov.org/go/static-webmentions/internal/hentry/hentry.go:64.64,67.35 2 1
evgenykuznetsov.org/go/static-webmentions/internal/hentry/hentry.go:67.35,69.3 1 1
evgenykuznetsov.org/go/static-webmentions/internal/hentry/hentry.go:72.2,73.35 2 1
evgenykuznetsov.org/go/static-webmentions/internal/hentry/hentry.go:73.35,74.26 1 2
evgenykuznetsov.org/go/static-webmentions/internal/hentry/hentry.go:74.26,76.4 1 1
evgenykuznetsov.org/go/static-webmentions/internal/hentry/hentry.go:79.2,79.16 1 1
evgenykuznetsov.org/go/static-webmentions/main.go:70.13,82.16 10 0
evgenykuznetsov.org/go/static-webmentions/main.go:82.16,85.3 2 0
evgenykuznetsov.org/go/static-webmentions/main.go:87.2,87.15 1 0
evgenykuznetsov.org/go/static-webmentions/main.go:87.15,89.3 1 0
evgenykuznetsov.org/go/static-webmentions/main.go:91.2,91.15 1 0
evgenykuznetsov.org/go/static-webmentions/main.go:91.15,93.3 1 0
evgenykuznetsov.org/go/static-webmentions/main.go:95.2,95.15 1 0
evgenykuznetsov.org/go/static-webmentions/main.go:95.15,97.3 1 0
evgenykuznetsov.org/go/static-webmentions/main.go:99.2,99.15 1 0
evgenykuznetsov.org/go/static-webmentions/main.go:99.15,101.3 1 0
evgenykuznetsov.org/go/static-webmentions/main.go:103.2,103.26 1 0
evgenykuznetsov.org/go/static-webmentions/main.go:103.26,106.3 2 0
evgenykuznetsov.org/go/static-webmentions/main.go:108.2,108.21 1 0
evgenykuznetsov.org/go/static-webmentions/main.go:109.14,111.17 2 0
evgenykuznetsov.org/go/static-webmentions/main.go:111.17,114.4 2 0
evgenykuznetsov.org/go/static-webmentions/main.go:115.3,115.53 1 0
evgenykuznetsov.org/go/static-webmentions/main.go:115.53,118.4 2 0
evgenykuznetsov.org/go/static-webmentions/main.go:119.14,121.17 2 0
evgenykuznetsov.org/go/static-webmentions/main.go:121.17,124.4 2 0
evgenykuznetsov.org/go/static-webmentions/main.go:125.3,126.26 2 0
evgenykuznetsov.org/go/static-webmentions/main.go:127.10,129.17 2 0
evgenykuznetsov.org/go/static-webmentions/main.go:129.17,132.4 2 0
evgenykuznetsov.org/go/static-webmentions/main.go:133.3,133.30 1 0
evgenykuznetsov.org/go/static-webmentions/main.go:133.30,135.38 2 0
evgenykuznetsov.org/go/static-webmentions/main.go:135.38,137.5 1 0
evgenykuznetsov.org/go/static-webmentions/main.go:139.3,142.28 2 0
evgenykuznetsov.org/go/static-webmentions/main.go:142.28,144.18 2 0
evgenykuznetsov.org/go/static-webmentions/main.go:144.18,146.5 1 0
evgenykuznetsov.org/go/static-webmentions/main.go:149.3,149.26 1 0
evgenykuznetsov.org/go/static-webmentions/main.go:153.49,157.29 4 1
evgenykuznetsov.org/go/static-webmentions/main.go:157.29,160.3 2 3
evgenykuznetsov.org/go/static-webmentions/main.go:161.2,161.11 1 1
evgenykuznetsov.org/go/static-webmentions/main.go:164.50,165.14 1 0
evgenykuznetsov.org/go/static-webmentions/main.go:166.10,168.13 2 0
evgenykuznetsov.org/go/static-webmentions/main.go:169.10,171.13 2 0
evgenykuznetsov.org/go/static-webmentions/main.go:175.64,177.16 2 0
evgenykuznetsov.org/go/static-webmentions/main.go:177.16,179.3 1 0
evgenykuznetsov.org/go/static-webmentions/main.go:180.2,181.12 2 0
evgenykuznetsov.org/go/static-webmentions/main.go:184.72,186.16 2 0
evgenykuznetsov.org/go/static-webmentions/main.go:186.16,188.3 1 0
evgenykuznetsov.org/go/static-webmentions/main.go:189.2,190.8 2 0
evgenykuznetsov.org/go/static-webmentions/main.go:193.40,194.29 1 0
evgenykuznetsov.org/go/static-webmentions/main.go:194.29,196.3 1 0
evgenykuznetsov.org/go/static-webmentions/main.go:199.46,201.16 2 1
evgenykuznetsov.org/go/static-webmentions/main.go:201.16,203.3 1 0
evgenykuznetsov.org/go/static-webmentions/main.go:205.2,216.29 7 1
evgenykuznetsov.org/go/static-webmentions/main.go:216.29,220.24 3 7
evgenykuznetsov.org/go/static-webmentions/main.go:220.24,222.17 2 7
evgenykuznetsov.org/go/static-webmentions/main.go:222.17,222.25 1 7
evgenykuznetsov.org/go/static-webmentions/main.go:223.4,227.18 5 7
evgenykuznetsov.org/go/static-webmentions/main.go:227.18,228.30 1 1
evgenykuznetsov.org/go/static-webmentions/main.go:228.30,230.20 2 1
evgenykuznetsov.org/go/static-webmentions/main.go:230.20,232.7 1 0
evgenykuznetsov.org/go/static-webmentions/main.go:233.11,236.6 2 0
evgenykuznetsov.org/go/static-webmentions/main.go:238.4,239.35 2 7
evgenykuznetsov.org/go/static-webmentions/main.go:239.35,244.5 4 9
evgenykuznetsov.org/go/static-webmentions/main.go:247.2,247.12 1 1
evgenykuznetsov.org/go/static-webmentions/main.go:247.12,250.3 2 1
evgenykuznetsov.org/go/static-webmentions/main.go:251.2,251.9 1 1
evgenykuznetsov.org/go/static-webmentions/main.go:252.16,253.8 1 1
evgenykuznetsov.org/go/static-webmentions/main.go:254.23,255.18 1 0
evgenykuznetsov.org/go/static-webmentions/main.go:257.2,257.25 1 1
evgenykuznetsov.org/go/static-webmentions/main.go:261.53,263.40 1 1
evgenykuznetsov.org/go/static-webmentions/main.go:263.40,265.43 1 1
evgenykuznetsov.org/go/static-webmentions/main.go:265.43,272.18 4 2
evgenykuznetsov.org/go/static-webmentions/main.go:272.18,274.13 2 1
evgenykuznetsov.org/go/static-webmentions/main.go:276.4,279.18 3 1
evgenykuznetsov.org/go/static-webmentions/main.go:279.18,281.13 2 0
evgenykuznetsov.org/go/static-webmentions/main.go:284.4,285.18 2 1
evgenykuznetsov.org/go/static-webmentions/main.go:285.18,287.13 2 0
evgenykuznetsov.org/go/static-webmentions/main.go:289.4,292.18 3 1
evgenykuznetsov.org/go/static-webmentions/main.go:292.18,294.13 2 0
evgenykuznetsov.org/go/static-webmentions/main.go:298.4,301.34 2 1
evgenykuznetsov.org/go/static-webmentions/main.go:301.34,303.19 2 1
evgenykuznetsov.org/go/static-webmentions/main.go:303.19,305.6 1 1
evgenykuznetsov.org/go/static-webmentions/main.go:305.11,307.6 1 0
evgenykuznetsov.org/go/static-webmentions/main.go:312.2,312.12 1 1
evgenykuznetsov.org/go/static-webmentions/main.go:315.46,352.26 18 3
evgenykuznetsov.org/go/static-webmentions/main.go:352.26,354.3 1 0
evgenykuznetsov.org/go/static-webmentions/main.go:355.2,356.25 2 3
evgenykuznetsov.org/go/static-webmentions/main.go:356.25,358.3 1 0
evgenykuznetsov.org/go/static-webmentions/main.go:359.2,359.36 1 3
evgenykuznetsov.org/go/static-webmentions/main.go:359.36,361.3 1 0
evgenykuznetsov.org/go/static-webmentions/main.go:361.8,363.3 1 3
evgenykuznetsov.org/go/static-webmentions/main.go:364.2,364.18 1 3
evgenykuznetsov.org/go/static-webmentions/main.go:367.81,370.16 3 8
evgenykuznetsov.org/go/static-webmentions/main.go:370.16,373.3 2 0
evgenykuznetsov.org/go/static-webmentions/main.go:374.2,374.32 1 8
evgenykuznetsov.org/go/static-webmentions/main.go:374.32,378.3 3 8
evgenykuznetsov.org/go/static-webmentions/main.go:379.2,386.16 6 8
evgenykuznetsov.org/go/static-webmentions/main.go:386.16,389.3 2 3
evgenykuznetsov.org/go/static-webmentions/main.go:390.2,391.16 2 5
evgenykuznetsov.org/go/static-webmentions/main.go:391.16,394.3 2 0
evgenykuznetsov.org/go/static-webmentions/main.go:395.2,395.32 1 5
evgenykuznetsov.org/go/static-webmentions/main.go:395.32,399.3 3 5
evgenykuznetsov.org/go/static-webmentions/main.go:400.2,401.15 2 5
evgenykuznetsov.org/go/static-webmentions/main.go:401.15,401.33 1 5
evgenykuznetsov.org/go/static-webmentions/main.go:403.2,404.16 2 5
evgenykuznetsov.org/go/static-webmentions/main.go:404.16,407.3 2 2
evgenykuznetsov.org/go/static-webmentions/main.go:408.2,410.25 2 3
evgenykuznetsov.org/go/static-webmentions/main.go:410.25,412.3 1 1
evgenykuznetsov.org/go/static-webmentions/main.go:415.49,419.56 2 2
evgenykuznetsov.org/go/static-webmentions/main.go:419.56,420.18 1 54
evgenykuznetsov.org/go/static-webmentions/main.go:420.18,422.5 1 0
evgenykuznetsov.org/go/static-webmentions/main.go:424.4,424.27 1 54
evgenykuznetsov.org/go/static-webmentions/main.go:424.27,426.5 1 2
evgenykuznetsov.org/go/static-webmentions/main.go:428.4,430.52 2 52
evgenykuznetsov.org/go/static-webmentions/main.go:430.52,432.5 1 18
evgenykuznetsov.org/go/static-webmentions/main.go:434.4,434.20 1 34
evgenykuznetsov.org/go/static-webmentions/main.go:434.20,436.5 1 12
evgenykuznetsov.org/go/static-webmentions/main.go:438.4,438.81 1 22
evgenykuznetsov.org/go/static-webmentions/main.go:438.81,440.5 1 8
evgenykuznetsov.org/go/static-webmentions/main.go:442.4,443.14 2 14
evgenykuznetsov.org/go/static-webmentions/main.go:445.2,445.16 1 2
evgenykuznetsov.org/go/static-webmentions/main.go:445.16,447.3 1 0
evgenykuznetsov.org/go/static-webmentions/main.go:449.2,449.26 1 2
evgenykuznetsov.org/go/static-webmentions/main.go:452.68,454.16 2 22
evgenykuznetsov.org/go/static-webmentions/main.go:454.16,456.3 1 0
evgenykuznetsov.org/go/static-webmentions/main.go:457.2,460.16 3 22
evgenykuznetsov.org/go/static-webmentions/main.go:460.16,462.3 1 4
evgenykuznetsov.org/go/static-webmentions/main.go:463.2,468.15 4 18
evgenykuznetsov.org/go/static-webmentions/main.go:473.67,475.16 2 36
evgenykuznetsov.org/go/static-webmentions/main.go:475.16,477.3 1 0
evgenykuznetsov.org/go/static-webmentions/main.go:479.2,480.16 2 36
evgenykuznetsov.org/go/static-webmentions/main.go:480.16,482.3 1 0
evgenykuznetsov.org/go/static-webmentions/main.go:484.2,485.55 2 36
evgenykuznetsov.org/go/static-webmentions/main.go:485.55,487.17 2 6
evgenykuznetsov.org/go/static-webmentions/main.go:487.17,489.4 1 0
evgenykuznetsov.org/go/static-webmentions/main.go:490.3,490.38 1 6
evgenykuznetsov.org/go/static-webmentions/main.go:493.2,493.17 1 36
evgenykuznetsov.org/go/static-webmentions/main.go:496.57,497.29 1 52
evgenykuznetsov.org/go/static-webmentions/main.go:497.29,498.29 1 126
evgenykuznetsov.org/go/static-webmentions/main.go:498.29,500.4 1 18
evgenykuznetsov.org/go/static-webmentions/main.go:502.2,502.14 1 34
evgenykuznetsov.org/go/static-webmentions/main.go:505.41,506.36 1 126
evgenykuznetsov.org/go/static-webmentions/main.go:507.12,508.87 1 52
evgenykuznetsov.org/go/static-webmentions/main.go:509.10,513.20 4 74
evgenykuznetsov.org/go/static-webmentions/main.go:517.116,519.16 2 17
evgenykuznetsov.org/go/static-webmentions/main.go:519.16,521.3 1 2
evgenykuznetsov.org/go/static-webmentions/main.go:523.2,525.18 2 15
evgenykuznetsov.org/go/static-webmentions/main.go:525.18,527.3 1 1
evgenykuznetsov.org/go/static-webmentions/main.go:528.2,529.16 2 14
evgenykuznetsov.org/go/static-webmentions/main.go:529.16,531.3 1 0
evgenykuznetsov.org/go/static-webmentions/main.go:533.2,534.16 2 14
evgenykuznetsov.org/go/static-webmentions/main.go:534.16,536.3 1 1
evgenykuznetsov.org/go/static-webmentions/main.go:538.2,541.16 3 13
evgenykuznetsov.org/go/static-webmentions/main.go:541.16,543.3 1 0
evgenykuznetsov.org/go/static-webmentions/main.go:546.2,546.32 1 13
evgenykuznetsov.org/go/static-webmentions/main.go:546.32,548.17 2 12
evgenykuznetsov.org/go/static-webmentions/main.go:548.17,550.4 1 0
evgenykuznetsov.org/go/static-webmentions/main.go:551.3,551.16 1 12
evgenykuznetsov.org/go/static-webmentions/main.go:551.16,552.12 1 10
evgenykuznetsov.org/go/static-webmentions/main.go:554.3,554.39 1 2
evgenykuznetsov.org/go/static-webmentions/main.go:557.2,558.16 2 13
evgenykuznetsov.org/go/static-webmentions/main.go:558.16,560.3 1 0
evgenykuznetsov.org/go/static-webmentions/main.go:561.2,565.19 3 13
evgenykuznetsov.org/go/static-webmentions/main.go:568.34,570.16 2 15
evgenykuznetsov.org/go/static-webmentions/main.go:570.16,572.3 1 1
evgenykuznetsov.org/go/static-webmentions/main.go:574.2,576.58 2 14
evgenykuznetsov.org/go/static-webmentions/main.go:576.58,577.40 1 97
evgenykuznetsov.org/go/static-webmentions/main.go:577.40,578.38 1 12
evgenykuznetsov.org/go/static-webmentions/main.go:578.38,579.36 1 12
evgenykuznetsov.org/go/static-webmentions/main.go:579.36,581.6 1 1
evgenykuznetsov.org/go/static-webmentions/main.go:586.2,586.13 1 14
evgenykuznetsov.org/go/static-webmentions/main.go:589.52,594.2 4 14
evgenykuznetsov.org/go/static-webmentions/main.go:596.55,599.29 2 13
evgenykuznetsov.org/go/static-webmentions/main.go:599.29,600.33 1 36
evgenykuznetsov.org/go/static-webmentions/main.go:600.33,601.12 1 20
evgenykuznetsov.org/go/static-webmentions/main.go:603.3,603.26 1 16
evgenykuznetsov.org/go/static-webmentions/main.go:606.2,606.12 1 13
evgenykuznetsov.org/go/static-webmentions/main.go:609.54,610.29 1 36
evgenykuznetsov.org/go/static-webmentions/main.go:610.29,611.23 1 99
evgenykuznetsov.org/go/static-webmentions/main.go:611.23,613.4 1 20
evgenykuznetsov.org/go/static-webmentions/main.go:615.2,615.14 1 16
evgenykuznetsov.org/go/static-webmentions/main.go:618.37,621.16 2 101
evgenykuznetsov.org/go/static-webmentions/main.go:621.16,624.22 3 101
evgenykuznetsov.org/go/static-webmentions/main.go:624.22,626.4 1 1
evgenykuznetsov.org/go/static-webmentions/main.go:629.2,633.18 4 100
evgenykuznetsov.org/go/static-webmentions/main.go:633.18,635.3 1 12
evgenykuznetsov.org/go/static-webmentions/main.go:637.2,637.29 1 88
evgenykuznetsov.org/go/static-webmentions/main.go:637.29,639.3 1 1
evgenykuznetsov.org/go/static-webmentions/main.go:641.2,642.16 2 87
evgenykuznetsov.org/go/static-webmentions/main.go:642.16,644.3 1 0
evgenykuznetsov.org/go/static-webmentions/main.go:646.2,646.49 1 87
evgenykuznetsov.org/go/static-webmentions/main.go:646.49,648.3 1 4
evgenykuznetsov.org/go/static-webmentions/main.go:650.2,651.16 2 83
evgenykuznetsov.org/go/static-webmentions/main.go:651.16,653.3 1 0
evgenykuznetsov.org/go/static-webmentions/main.go:655.2,655.18 1 83
evgenykuznetsov.org/go/static-webmentions/main.go:655.18,657.3 1 62
evgenykuznetsov.org/go/static-webmentions/main.go:659.2,662.32 3 21
evgenykuznetsov.org/go/static-webmentions/main.go:665.42,667.16 2 102
evgenykuznetsov.org/go/static-webmentions/main.go:667.16,669.3 1 0
evgenykuznetsov.org/go/static-webmentions/main.go:670.2,671.16 2 102
evgenykuznetsov.org/go/static-webmentions/main.go:671.16,673.3 1 0
evgenykuznetsov.org/go/static-webmentions/main.go:674.2,674.17 1 102
evgenykuznetsov.org/go/static-webmentions/main.go:677.33,679.2 1 232
evgenykuznetsov.org/go/static-webmentions/main.go:681.59,684.22 2 7
evgenykuznetsov.org/go/static-webmentions/main.go:684.22,685.27 1 14
evgenykuznetsov.org/go/static-webmentions/main.go:685.27,686.27 1 14
evgenykuznetsov.org/go/static-webmentions/main.go:686.27,687.16 1 5
evgenykuznetsov.org/go/static-webmentions/main.go:690.3,690.23 1 9
evgenykuznetsov.org/go/static-webmentions/main.go:692.2,692.8 1 7
evgenykuznetsov.org/go/static-webmentions/websub.go:29.39,30.21 1 2
evgenykuznetsov.org/go/static-webmentions/websub.go:30.21,32.3 1 1
evgenykuznetsov.org/go/static-webmentions/websub.go:34.2,37.29 3 1
evgenykuznetsov.org/go/static-webmentions/websub.go:37.29,48.17 9 2
evgenykuznetsov.org/go/static-webmentions/websub.go:48.17,50.4 1 0
evgenykuznetsov.org/go/static-webmentions/websub.go:50.9,52.4 1 2
evgenykuznetsov.org/go/static-webmentions/websub.go:56.38,59.56 2 1
evgenykuznetsov.org/go/static-webmentions/websub.go:59.56,60.18 1 27
evgenykuznetsov.org/go/static-webmentions/websub.go:60.18,62.5 1 0
evgenykuznetsov.org/go/static-webmentions/websub.go:64.4,66.47 2 27
evgenykuznetsov.org/go/static-webmentions/websub.go:66.47,68.5 1 22
evgenykuznetsov.org/go/static-webmentions/websub.go:70.4,70.20 1 5
evgenykuznetsov.org/go/static-webmentions/websub.go:70.20,72.5 1 0
evgenykuznetsov.org/go/static-webmentions/websub.go:74.4,74.63 1 5
evgenykuznetsov.org/go/static-webmentions/websub.go:74.63,76.5 1 1
evgenykuznetsov.org/go/static-webmentions/websub.go:78.4,79.14 2 4
evgenykuznetsov.org/go/static-webmentions/websub.go:81.2,82.29 2 1
evgenykuznetsov.org/go/static-webmentions/websub.go:82.29,85.3 2 4
evgenykuznetsov.org/go/static-webmentions/websub.go:86.2,86.14 1 1
evgenykuznetsov.org/go/static-webmentions/websub.go:89.48,92.16 3 5
evgenykuznetsov.org/go/static-webmentions/websub.go:92.16,94.3 1 0
evgenykuznetsov.org/go/static-webmentions/websub.go:95.2,97.16 3 5
evgenykuznetsov.org/go/static-webmentions/websub.go:97.16,99.3 1 2
evgenykuznetsov.org/go/static-webmentions/websub.go:100.2,103.16 3 3
evgenykuznetsov.org/go/static-webmentions/websub.go:103.16,105.3 1 0
evgenykuznetsov.org/go/static-webmentions/websub.go:106.2,106.15 1 3
evgenykuznetsov.org/go/static-webmentions/websub.go:109.47,110.22 1 27
evgenykuznetsov.org/go/static-webmentions/websub.go:110.22,111.30 1 50
evgenykuznetsov.org/go/static-webmentions/websub.go:111.30,113.4 1 5
evgenykuznetsov.org/go/static-webmentions/websub.go:115.2,115.14 1 22
evgenykuznetsov.org/go/static-webmentions/internal/telegram/telegram.go:45.68,47.2 1 5
evgenykuznetsov.org/go/static-webmentions/internal/telegram/telegram.go:50.121,51.21 1 5
evgenykuznetsov.org/go/static-webmentions/internal/telegram/telegram.go:51.21,53.3 1 0
evgenykuznetsov.org/go/static-webmentions/internal/telegram/telegram.go:55.2,56.16 2 5
evgenykuznetsov.org/go/static-webmentions/internal/telegram/telegram.go:56.16,58.3 1 0
evgenykuznetsov.org/go/static-webmentions/internal/telegram/telegram.go:61.2,69.16 3 5
evgenykuznetsov.org/go/static-webmentions/internal/telegram/telegram.go:69.16,71.3 1 0
evgenykuznetsov.org/go/static-webmentions/internal/telegram/telegram.go:74.2,78.53 3 5
evgenykuznetsov.org/go/static-webmentions/internal/telegram/telegram.go:78.53,80.17 2 11
evgenykuznetsov.org/go/static-webmentions/internal/telegram/telegram.go:80.17,82.4 1 0
evgenykuznetsov.org/go/static-webmentions/internal/telegram/telegram.go:83.3,88.17 4 11
evgenykuznetsov.org/go/static-webmentions/internal/telegram/telegram.go:88.17,89.28 1 0
evgenykuznetsov.org/go/static-webmentions/internal/telegram/telegram.go:89.28,92.13 3 0
evgenykuznetsov.org/go/static-webmentions/internal/telegram/telegram.go:94.4,94.56 1 0
evgenykuznetsov.org/go/static-webmentions/internal/telegram/telegram.go:98.3,99.17 2 11
evgenykuznetsov.org/go/static-webmentions/internal/telegram/telegram.go:99.17,101.28 2 0
evgenykuznetsov.org/go/static-webmentions/internal/telegram/telegram.go:101.28,104.13 3 0
evgenykuznetsov.org/go/static-webmentions/internal/telegram/telegram.go:106.4,106.62 1 0
evgenykuznetsov.org/go/static-webmentions/internal/telegram/telegram.go:108.3,111.40 2 11
evgenykuznetsov.org/go/static-webmentions/internal/telegram/telegram.go:111.40,114.56 2 7
evgenykuznetsov.org/go/static-webmentions/internal/telegram/telegram.go:114.56,115.62 1 7
evgenykuznetsov.org/go/static-webmentions/internal/telegram/telegram.go:115.62,118.14 2 7
evgenykuznetsov.org/go/static-webmentions/internal/telegram/telegram.go:123.4,123.28 1 0
evgenykuznetsov.org/go/static-webmentions/internal/telegram/telegram.go:123.28,126.13 3 0
evgenykuznetsov.org/go/static-webmentions/internal/telegram/telegram.go:131.3,131.39 1 4
evgenykuznetsov.org/go/static-webmentions/internal/telegram/telegram.go:131.39,133.29 1 1
evgenykuznetsov.org/go/static-webmentions/internal/telegram/telegram.go:133.29,135.5 1 0
evgenykuznetsov.org/go/static-webmentions/internal/telegram/telegram.go:137.4,137.42 1 1
evgenykuznetsov.org/go/static-webmentions/internal/telegram/telegram.go:137.42,139.5 1 1
evgenykuznetsov.org/go/static-webmentions/internal/telegram/telegram.go:141.4,143.12 3 0
evgenykuznetsov.org/go/static-webmentions/internal/telegram/telegram.go:147.3,148.55 2 3
evgenykuznetsov.org/go/static-webmentions/internal/telegram/telegram.go:148.55,149.28 1 0
evgenykuznetsov.org/go/static-webmentions/internal/telegram/telegram.go:149.28,152.13 3 0
evgenykuznetsov.org/go/static-webmentions/internal/telegram/telegram.go:154.4,154.59 1 0
evgenykuznetsov.org/go/static-webmentions/internal/telegram/telegram.go:157.3,157.27 1 3
evgenykuznetsov.org/go/static-webmentions/internal/telegram/telegram.go:157.27,158.29 1 0
evgenykuznetsov.org/go/static-webmentions/internal/telegram/telegram.go:158.29,160.5 1 0
evgenykuznetsov.org/go/static-webmentions/internal/telegram/telegram.go:162.4,162.41 1 0
evgenykuznetsov.org/go/static-webmentions/internal/telegram/telegram.go:162.41,165.13 3 0
evgenykuznetsov.org/go/static-webmentions/internal/telegram/telegram.go:168.4,168.79 1 0
evgenykuznetsov.org/go/static-webmentions/internal/telegram/telegram.go:171.3,171.13 1 3
evgenykuznetsov.org/go/static-webmentions/internal/telegram/telegram.go:174.2,174.77 1 1
evgenykuznetsov.org/go/static-webmentions/internal/telegram/telegram.go:177.44,178.67 1 12
evgenykuznetsov.org/go/static-webmentions/internal/telegram/telegram.go:178.67,180.3 1 7
evgenykuznetsov.org/go/static-webmentions/internal/telegram/telegram.go:181.2,181.14 1 5
evgenykuznetsov.org/go/static-webmentions/internal/telegram/telegram.go:184.57,188.31 3 5
evgenykuznetsov.org/go/static-webmentions/internal/telegram/telegram.go:188.31,190.3 1 0
evgenykuznetsov.org/go/static-webmentions/internal/telegram/telegram.go:192.2,192.33 1 5
evgenykuznetsov.org/go/static-webmentions/internal/telegram/telegram.go:192.33,194.3 1 0
evgenykuznetsov.org/go/static-webmentions/internal/telegram/telegram.go:196.2,200.42 4 5
evgenykuznetsov.org/go/static-webmentions/internal/telegram/telegram.go:200.42,202.3 1 4
evgenykuznetsov.org/go/static-webmentions/internal/telegram/telegram.go:204.2,207.55 3 1
